[INFO   ] Logger: Record log in /home/amehes/python/KivyAdventures/conf/logs/kivy_25-10-19_30.txt
[INFO   ] Kivy: v2.3.1
[INFO   ] Kivy: Installed at "/home/amehes/python/kivy_venv/lib/python3.13/site-packages/kivy/__init__.py"
[INFO   ] Python: v3.13.5 (main, Jun 25 2025, 18:55:22) [GCC 14.2.0]
[INFO   ] Python: Interpreter at "/home/amehes/python/kivy_venv/bin/python"
[INFO   ] Logger: Purge log fired. Processing...
[INFO   ] Logger: Purge finished!
[INFO   ] Factory: 195 symbols loaded
[INFO   ] Image: Providers: img_tex, img_dds, img_sdl2, img_pil (img_ffpyplayer ignored)
[INFO   ] Text: Provider: sdl2
[INFO   ] Window: Provider: sdl2
[INFO   ] GL: Using the "OpenGL" graphics system
[INFO   ] GL: Backend used <sdl2>
[INFO   ] GL: OpenGL version <b'4.6 (Compatibility Profile) Mesa 25.0.7-2'>
[INFO   ] GL: OpenGL vendor <b'Intel'>
[INFO   ] GL: OpenGL renderer <b'Mesa Intel(R) Iris(R) Xe Graphics (RPL-U)'>
[INFO   ] GL: OpenGL parsed version: 4, 6
[INFO   ] GL: Shading version <b'4.60'>
[INFO   ] GL: Texture max size <16384>
[INFO   ] GL: Texture max units <32>
[INFO   ] Window: auto add sdl2 input provider
[INFO   ] Window: virtual keyboard not allowed, single mode, not docked
[WARNING] stderr: Traceback (most recent call last):
[WARNING] stderr:   File "kivy/_event.pyx", line 235, in kivy._event.EventDispatcher.__init__
[WARNING] stderr: TypeError: object.__init__() takes exactly one argument (the instance to initialize)
[WARNING] stderr: 
[WARNING] stderr: The above exception was the direct cause of the following exception:
[WARNING] stderr: 
[WARNING] stderr: Traceback (most recent call last):
[WARNING] stderr:   File "/home/amehes/python/KivyAdventures/ablak.py", line 47, in <module>
[WARNING] stderr:     TestApp().run()
[WARNING] stderr:     ~~~~~~~~~~~~~^^
[WARNING] stderr:   File "/home/amehes/python/kivy_venv/lib/python3.13/site-packages/kivy/app.py", line 955, in run
[WARNING] stderr:     self._run_prepare()
[WARNING] stderr:     ~~~~~~~~~~~~~~~~~^^
[WARNING] stderr:   File "/home/amehes/python/kivy_venv/lib/python3.13/site-packages/kivy/app.py", line 925, in _run_prepare
[WARNING] stderr:     root = self.build()
[WARNING] stderr:   File "/home/amehes/python/KivyAdventures/ablak.py", line 38, in build
[WARNING] stderr:     return AlapWidget()
[WARNING] stderr:   File "/home/amehes/python/KivyAdventures/ablak.py", line 24, in __init__
[WARNING] stderr:     gomb1 = Button(text="Gomb1", size =(100,50),pos=(0,0), id="gomb1")
[WARNING] stderr:   File "/home/amehes/python/kivy_venv/lib/python3.13/site-packages/kivy/uix/behaviors/button.py", line 121, in __init__
[WARNING] stderr:     super(ButtonBehavior, self).__init__(**kwargs)
[WARNING] stderr:     ~~~~~~~~~~~~~~~~~~~~~~~~~~~~~~~~~~~~^^^^^^^^^^
[WARNING] stderr:   File "/home/amehes/python/kivy_venv/lib/python3.13/site-packages/kivy/uix/label.py", line 319, in __init__
[WARNING] stderr:     super(Label, self).__init__(**kwargs)
[WARNING] stderr:     ~~~~~~~~~~~~~~~~~~~~~~~~~~~^^^^^^^^^^
[WARNING] stderr:   File "/home/amehes/python/kivy_venv/lib/python3.13/site-packages/kivy/uix/widget.py", line 357, in __init__
[WARNING] stderr:     super(Widget, self).__init__(**kwargs)
[WARNING] stderr:     ~~~~~~~~~~~~~~~~~~~~~~~~~~~~^^^^^^^^^^
[WARNING] stderr:   File "kivy/_event.pyx", line 238, in kivy._event.EventDispatcher.__init__
[WARNING] stderr: TypeError: Properties ['id'] passed to __init__ may not be existing property names. Valid properties are ['always_release', 'anchors', 'background_color', 'background_disabled_down', 'background_disabled_normal', 'background_down', 'background_normal', 'base_direction', 'bold', 'border', 'center', 'center_x', 'center_y', 'children', 'cls', 'color', 'disabled', 'disabled_color', 'disabled_outline_color', 'ellipsis_options', 'font_blended', 'font_context', 'font_direction', 'font_family', 'font_features', 'font_hinting', 'font_kerning', 'font_name', 'font_script_name', 'font_size', 'halign', 'height', 'ids', 'is_shortened', 'italic', 'last_touch', 'limit_render_to_text_bbox', 'line_height', 'markup', 'max_lines', 'min_state_time', 'mipmap', 'motion_filter', 'opacity', 'outline_color', 'outline_width', 'padding', 'padding_x', 'padding_y', 'parent', 'pos', 'pos_hint', 'refs', 'right', 'shorten', 'shorten_from', 'size', 'size_hint', 'size_hint_max', 'size_hint_max_x', 'size_hint_max_y', 'size_hint_min', 'size_hint_min_x', 'size_hint_min_y', 'size_hint_x', 'size_hint_y', 'split_str', 'state', 'strikethrough', 'strip', 'text', 'text_language', 'text_size', 'texture', 'texture_size', 'top', 'underline', 'unicode_errors', 'valign', 'width', 'x', 'y']
